<?xml version="1.0" encoding="UTF-8" ?>
<testsuite tests="2" failures="1" name="com.Aequilibrium.testcases.LoginPageTest" time="2.713" errors="0" skipped="1">
  <properties>
[...]
</properties>
  <testcase classname="com.Aequilibrium.testcases.LoginPageTest" name="setUp" time="1.296">
    <failure message="org/openqa/selenium/remote/JsonToBeanConverter" type="java.lang.NoClassDefFoundError">java.lang.NoClassDefFoundError: org/openqa/selenium/remote/JsonToBeanConverter
	at org.openqa.selenium.firefox.Preferences.readDefaultPreferences(Preferences.java:95)
	at org.openqa.selenium.firefox.Preferences.&lt;init&gt;(Preferences.java:65)
	at org.openqa.selenium.firefox.FirefoxProfile.&lt;init&gt;(FirefoxProfile.java:81)
	at org.openqa.selenium.firefox.FirefoxProfile.&lt;init&gt;(FirefoxProfile.java:71)
	at org.openqa.selenium.firefox.FirefoxProfile.&lt;init&gt;(FirefoxProfile.java:60)
	at com.qa.base.BasePage.init_driver(BasePage.java:38)
	at com.Aequilibrium.testcases.LoginPageTest.setUp(LoginPageTest.java:23)
Caused by: java.lang.ClassNotFoundException: org.openqa.selenium.remote.JsonToBeanConverter
	at java.net.URLClassLoader.findClass(URLClassLoader.java:382)
	at java.lang.ClassLoader.loadClass(ClassLoader.java:424)
	at sun.misc.Launcher$AppClassLoader.loadClass(Launcher.java:349)
	at java.lang.ClassLoader.loadClass(ClassLoader.java:357)
	... 43 more
</failure>
    <system-out>Configuring TestNG with: org.apache.maven.surefire.testng.conf.TestNG652Configurator@2c13da15
</system-out>
    <system-err>SLF4J: Failed to load class &quot;org.slf4j.impl.StaticLoggerBinder&quot;.
SLF4J: Defaulting to no-operation (NOP) logger implementation
SLF4J: See http://www.slf4j.org/codes.html#StaticLoggerBinder for further details.
</system-err>
  </testcase>
  <testcase classname="com.Aequilibrium.testcases.LoginPageTest" name="LoginTest" time="1.417">
    <skipped/>
  </testcase>
</testsuite>