<?xml version="1.0" encoding="UTF-8"?>
<!-- Generated by org.testng.reporters.JUnitXMLReporter -->
<testsuite hostname="Mounikas-Air.hitronhub.home" ignored="0" name="Command line test" tests="1" failures="0" timestamp="04 Nov 2019 00:43:44 GMT" time="0.37" errors="0">
  <testcase name="@BeforeMethod setUp" time="0.052" classname="com.Aequilibrium.testcases.LoginPageTest">
    <failure type="java.lang.NoClassDefFoundError" message="org/openqa/selenium/remote/JsonToBeanConverter">
      <![CDATA[java.lang.NoClassDefFoundError: org/openqa/selenium/remote/JsonToBeanConverter
	at org.openqa.selenium.firefox.Preferences.readDefaultPreferences(Preferences.java:95)
	at org.openqa.selenium.firefox.Preferences.<init>(Preferences.java:65)
	at org.openqa.selenium.firefox.FirefoxProfile.<init>(FirefoxProfile.java:81)
	at org.openqa.selenium.firefox.FirefoxProfile.<init>(FirefoxProfile.java:71)
	at org.openqa.selenium.firefox.FirefoxProfile.<init>(FirefoxProfile.java:60)
	at com.qa.base.BasePage.init_driver(BasePage.java:38)
	at com.Aequilibrium.testcases.LoginPageTest.setUp(LoginPageTest.java:23)
Caused by: java.lang.ClassNotFoundException: org.openqa.selenium.remote.JsonToBeanConverter
	at java.net.URLClassLoader.findClass(URLClassLoader.java:382)
	at java.lang.ClassLoader.loadClass(ClassLoader.java:424)
	at sun.misc.Launcher$AppClassLoader.loadClass(Launcher.java:349)
	at java.lang.ClassLoader.loadClass(ClassLoader.java:357)
	... 43 more
... Removed 36 stack frames]]>
    </failure>
  </testcase> <!-- @BeforeMethod setUp -->
  <testcase name="LoginTest" time="0.0" classname="com.Aequilibrium.testcases.LoginPageTest">
    <skipped/>
  </testcase> <!-- LoginTest -->
</testsuite> <!-- Command line test -->
