<?xml version="1.0" encoding="UTF-8"?>
<testng-results skipped="0" failed="0" ignored="0" total="1" passed="1">
  <reporter-output>
  </reporter-output>
  <suite name="Hub Spot Test Suite" duration-ms="14785" started-at="2019-11-04T17:19:02Z" finished-at="2019-11-04T17:19:16Z">
    <groups>
    </groups>
    <test name="hub spot regression Test" duration-ms="14785" started-at="2019-11-04T17:19:02Z" finished-at="2019-11-04T17:19:16Z">
      <class name="com.Aequilibrium.testcases.LoginPageTest">
        <test-method status="PASS" signature="setUp()[pri:0, instance:com.Aequilibrium.testcases.LoginPageTest@5e4c8041]" name="setUp" is-config="true" duration-ms="13289" started-at="2019-11-04T09:19:02Z" finished-at="2019-11-04T09:19:15Z">
          <reporter-output>
          </reporter-output>
        </test-method> <!-- setUp -->
        <test-method status="PASS" signature="LoginTest()[pri:2, instance:com.Aequilibrium.testcases.LoginPageTest@5e4c8041]" name="LoginTest" duration-ms="1214" started-at="2019-11-04T09:19:15Z" finished-at="2019-11-04T09:19:16Z">
          <reporter-output>
          </reporter-output>
        </test-method> <!-- LoginTest -->
        <test-method status="PASS" signature="tearDown()[pri:0, instance:com.Aequilibrium.testcases.LoginPageTest@5e4c8041]" name="tearDown" is-config="true" duration-ms="1" started-at="2019-11-04T09:19:16Z" finished-at="2019-11-04T09:19:16Z">
          <reporter-output>
          </reporter-output>
        </test-method> <!-- tearDown -->
      </class> <!-- com.Aequilibrium.testcases.LoginPageTest -->
    </test> <!-- hub spot regression Test -->
  </suite> <!-- Hub Spot Test Suite -->
</testng-results>
