<?xml version="1.0" encoding="UTF-8"?>
<!-- Generated by org.testng.reporters.JUnitXMLReporter -->
<testsuite hostname="Mounikas-Air.hitronhub.home" ignored="0" name="FirefoxTest" tests="8" failures="0" timestamp="05 Nov 2019 01:06:58 GMT" time="0.377" errors="0">
  <testcase name="@BeforeMethod setUp" time="0.012" classname="com.Aequilibrium.testcases.LoginPageTest">
    <failure type="java.lang.NullPointerException">
      <![CDATA[java.lang.NullPointerException
	at com.qa.base.BasePage.init_driver(BasePage.java:35)
	at com.Aequilibrium.testcases.LoginPageTest.setUp(LoginPageTest.java:25)
	at java.util.concurrent.FutureTask.run(FutureTask.java:266)
	at java.util.concurrent.ThreadPoolExecutor.runWorker(ThreadPoolExecutor.java:1149)
	at java.util.concurrent.ThreadPoolExecutor$Worker.run(ThreadPoolExecutor.java:624)
	at java.lang.Thread.run(Thread.java:748)
... Removed 18 stack frames]]>
    </failure>
  </testcase> <!-- @BeforeMethod setUp -->
  <testcase name="@BeforeMethod setUp" time="0.0" classname="com.Aequilibrium.testcases.LoginPageTest">
    <skipped/>
  </testcase> <!-- @BeforeMethod setUp -->
  <testcase name="@BeforeMethod setUp" time="0.0" classname="com.Aequilibrium.testcases.LoginPageTest">
    <skipped/>
  </testcase> <!-- @BeforeMethod setUp -->
  <testcase name="@BeforeMethod setUp" time="0.0" classname="com.Aequilibrium.testcases.LoginPageTest">
    <skipped/>
  </testcase> <!-- @BeforeMethod setUp -->
  <testcase name="@BeforeMethod setUp" time="0.0" classname="com.Aequilibrium.testcases.LoginPageTest">
    <skipped/>
  </testcase> <!-- @BeforeMethod setUp -->
  <testcase name="@BeforeMethod setUp" time="0.0" classname="com.Aequilibrium.testcases.LoginPageTest">
    <skipped/>
  </testcase> <!-- @BeforeMethod setUp -->
  <testcase name="@BeforeMethod setUp" time="0.0" classname="com.Aequilibrium.testcases.LoginPageTest">
    <skipped/>
  </testcase> <!-- @BeforeMethod setUp -->
  <testcase name="@BeforeMethod setUp" time="0.0" classname="com.Aequilibrium.testcases.LoginPageTest">
    <skipped/>
  </testcase> <!-- @BeforeMethod setUp -->
  <testcase name="LoginTest" time="0.0" classname="com.Aequilibrium.testcases.LoginPageTest">
    <skipped/>
  </testcase> <!-- LoginTest -->
  <testcase name="LoginTestWithInvalidPassword" time="0.0" classname="com.Aequilibrium.testcases.LoginPageTest">
    <skipped/>
  </testcase> <!-- LoginTestWithInvalidPassword -->
  <testcase name="LoginTestWithInvalidUsername" time="0.0" classname="com.Aequilibrium.testcases.LoginPageTest">
    <skipped/>
  </testcase> <!-- LoginTestWithInvalidUsername -->
  <testcase name="LoginTestWithInvalidUsernamePassword" time="0.0" classname="com.Aequilibrium.testcases.LoginPageTest">
    <skipped/>
  </testcase> <!-- LoginTestWithInvalidUsernamePassword -->
  <testcase name="LoginTestWithBlankUsernamePassword" time="0.0" classname="com.Aequilibrium.testcases.LoginPageTest">
    <skipped/>
  </testcase> <!-- LoginTestWithBlankUsernamePassword -->
  <testcase name="LoginTestWithASpaceInUsernameAndPassword" time="0.0" classname="com.Aequilibrium.testcases.LoginPageTest">
    <skipped/>
  </testcase> <!-- LoginTestWithASpaceInUsernameAndPassword -->
  <testcase name="LoginTestWithNoUsername" time="0.0" classname="com.Aequilibrium.testcases.LoginPageTest">
    <skipped/>
  </testcase> <!-- LoginTestWithNoUsername -->
  <testcase name="LoginTestWithNoPassword" time="0.0" classname="com.Aequilibrium.testcases.LoginPageTest">
    <skipped/>
  </testcase> <!-- LoginTestWithNoPassword -->
</testsuite> <!-- FirefoxTest -->
